2016-08-11 10:26:11,038 :: INFO :: creating domain: fullData for project summer_olympics, domain shapte is: (7718, 8)
2016-08-11 11:00:33,972 :: INFO :: requesting api: wb
2016-08-11 11:01:43,284 :: INFO :: requesting api: wb
2016-08-11 11:10:31,824 :: INFO :: requesting api: wb
2016-08-11 11:10:45,302 :: INFO :: Starting new HTTP connection (1): api.worldbank.org
2016-08-11 11:10:48,680 :: DEBUG :: "GET /countries/all/indicators/NY.GDP.MKTP.CD?date=1960%3A2012&per_page=25000&format=json HTTP/1.1" 200 2271834
2016-08-11 11:17:24,289 :: INFO :: requesting api: wb
2016-08-11 11:17:28,998 :: INFO :: Starting new HTTP connection (1): api.worldbank.org
2016-08-11 11:17:30,361 :: DEBUG :: "GET /countries/all/indicators/NY.GDP.MKTP.CD?date=1960%3A2012&per_page=25000&format=json HTTP/1.1" 200 2271834
2016-08-11 11:18:54,751 :: DEBUG :: "GET /countries/all/indicators/SP.POP.TOTL?date=1960%3A2012&per_page=25000&format=json HTTP/1.1" 200 2162883
2016-08-11 11:19:20,674 :: INFO :: inserting df with shape: (10547, 4)
2016-08-11 11:20:41,668 :: INFO :: requesting api: wb
2016-08-11 11:20:42,181 :: INFO :: Starting new HTTP connection (1): api.worldbank.org
2016-08-11 11:20:42,511 :: DEBUG :: "GET /countries/all/indicators/NY.GDP.MKTP.CD?date=1960%3A2012&per_page=25000&format=json HTTP/1.1" 200 2271834
2016-08-11 11:21:15,554 :: DEBUG :: "GET /countries/all/indicators/SP.POP.TOTL?date=1960%3A2012&per_page=25000&format=json HTTP/1.1" 200 2162883
2016-08-11 11:21:58,792 :: INFO :: inserting df with shape: (10547, 4)
2016-08-11 11:21:59,167 :: INFO :: insertion sucessful in dbsummer_olympics of collection: wb_demo_eco
2016-08-11 11:29:45,126 :: INFO :: inserting scraped data
2016-08-11 11:32:21,081 :: INFO :: inserting scraped data
2016-08-11 11:33:30,334 :: INFO :: inserting scraped data
2016-08-11 11:33:56,926 :: INFO :: inserting scraped data
2016-08-11 11:33:56,945 :: INFO :: inserting df with shape: (961, 8)
2016-08-11 11:33:57,070 :: INFO :: insertion sucessful in dbsummer_olympics of collection: winners_2012
2016-08-11 11:33:57,070 :: INFO :: inserting static data
2016-08-11 11:34:07,096 :: INFO :: inserting scraped data
2016-08-11 11:34:07,114 :: INFO :: inserting df with shape: (961, 8)
2016-08-11 11:34:07,222 :: INFO :: insertion sucessful in dbsummer_olympics of collection: winners_2012
2016-08-11 11:34:07,223 :: INFO :: inserting static data
2016-08-11 11:34:10,902 :: INFO :: inserting df with shape: (29216, 10)
2016-08-11 11:34:12,248 :: INFO :: insertion sucessful in dbsummer_olympics of collection: winners_1896_2008
2016-08-11 11:35:15,028 :: INFO :: inserting scraped data
2016-08-11 11:35:15,045 :: INFO :: inserting df with shape: (961, 8)
2016-08-11 11:35:15,165 :: INFO :: insertion sucessful in dbsummer_olympics of collection: winners_2012
2016-08-11 11:35:15,166 :: INFO :: inserting static data
2016-08-11 11:35:18,905 :: INFO :: inserting df with shape: (29216, 10)
2016-08-11 11:35:20,221 :: INFO :: insertion sucessful in dbsummer_olympics of collection: winners_1896_2008
2016-08-11 11:41:49,133 :: INFO :: inserting df with shape: (30177, 13)
2016-08-11 11:41:50,767 :: INFO :: insertion sucessful in dbsummer_olympics of collection: full_data
2016-08-11 12:00:28,842 :: INFO :: inserting scraped data
2016-08-11 12:00:28,862 :: INFO :: inserting df with shape: (961, 8)
2016-08-11 12:00:28,984 :: INFO :: insertion sucessful in dbsummer_olympics of collection: winners_2012
2016-08-11 12:00:28,984 :: INFO :: inserting static data
2016-08-11 12:00:32,698 :: INFO :: inserting df with shape: (29216, 10)
2016-08-11 12:00:34,058 :: INFO :: insertion sucessful in dbsummer_olympics of collection: winners_1896_2008
2016-08-11 12:04:32,674 :: INFO :: cleaning winners_2012, with shape: (960, 8)
2016-08-11 12:04:32,778 :: INFO :: cleaning of winners_2012successful, output shape: (960, 8)
2016-08-11 12:05:05,165 :: INFO :: inserting df with shape: (30176, 13)
2016-08-11 12:05:06,792 :: INFO :: insertion sucessful in dbsummer_olympics of collection: full_data
2016-08-11 12:08:57,626 :: INFO :: starting to merge data for project summer_olympics
2016-08-11 12:09:12,839 :: INFO :: starting to merge data for project summer_olympics
2016-08-11 12:09:13,864 :: INFO :: inserting df with shape: (30176, 13)
2016-08-11 12:09:15,467 :: INFO :: insertion sucessful in db summer_olympics of collection: full_data
2016-08-11 12:10:33,548 :: INFO :: creating domain: fullData for project summer_olympics, domain shape is: (7718, 8)
2016-08-21 18:33:50,416 :: INFO :: inserting scraped data
2016-08-21 18:36:48,246 :: INFO :: inserting static data
2016-08-21 18:36:51,775 :: INFO :: inserting df with shape: (29216, 10)
2016-08-21 18:36:53,070 :: INFO :: insertion sucessful in dbsummer_olympics_gb of collection: winners_1896_2008
2016-08-21 18:36:53,070 :: INFO :: inserting static data
2016-08-21 18:37:41,062 :: INFO :: inserting static data
2016-08-21 18:37:44,610 :: INFO :: inserting df with shape: (29216, 10)
2016-08-21 18:37:45,967 :: INFO :: insertion sucessful in dbsummer_olympics_gb of collection: winners_1896_2008
2016-08-21 18:37:45,967 :: INFO :: inserting static data
2016-08-21 18:37:45,994 :: INFO :: inserting df with shape: (961, 8)
2016-08-21 18:37:46,098 :: INFO :: insertion sucessful in dbsummer_olympics_gb of collection: winners_2012
2016-08-21 18:47:39,565 :: INFO :: requesting api: wb
2016-08-21 18:47:40,000 :: INFO :: Starting new HTTP connection (1): api.worldbank.org
2016-08-21 18:47:41,857 :: DEBUG :: "GET /countries/all/indicators/NY.GDP.MKTP.CD?date=1960%3A2012&per_page=25000&format=json HTTP/1.1" 200 2271834
2016-08-21 18:47:46,725 :: DEBUG :: "GET /countries/all/indicators/SP.POP.TOTL?date=1960%3A2012&per_page=25000&format=json HTTP/1.1" 200 2162883
2016-08-21 18:47:50,402 :: INFO :: inserting df with shape: (10547, 4)
2016-08-21 18:47:50,765 :: INFO :: insertion sucessful in dbsummer_olympics_gb of collection: my_extraction_name
2016-08-21 18:49:37,300 :: INFO :: starting to merge data for project summer_olympics_gb
2016-08-21 18:52:43,901 :: INFO :: requesting api: wb
2016-08-21 18:52:44,260 :: INFO :: Starting new HTTP connection (1): api.worldbank.org
2016-08-21 18:52:44,495 :: DEBUG :: "GET /countries/all/indicators/NY.GDP.MKTP.CD?date=1960%3A2012&per_page=25000&format=json HTTP/1.1" 200 2271834
2016-08-21 18:52:47,739 :: DEBUG :: "GET /countries/all/indicators/SP.POP.TOTL?date=1960%3A2012&per_page=25000&format=json HTTP/1.1" 200 2162883
2016-08-21 18:52:50,822 :: INFO :: inserting df with shape: (10547, 4)
2016-08-21 18:52:51,200 :: INFO :: insertion sucessful in dbsummer_olympics_gb of collection: wb_demo_eco
2016-08-21 18:53:07,245 :: INFO :: starting to merge data for project summer_olympics_gb
2016-08-21 18:54:48,571 :: INFO :: starting to merge data for project summer_olympics_gb
2016-08-21 18:54:49,605 :: INFO :: inserting df with shape: (30177, 13)
2016-08-21 18:54:51,213 :: INFO :: insertion sucessful in db summer_olympics_gb of collection: full_data
2016-08-22 09:25:16,750 :: INFO :: inserting static data
2016-08-22 09:25:20,270 :: INFO :: inserting df with shape: (29216, 10)
2016-08-22 09:25:21,544 :: INFO :: insertion sucessful in dbsummer_olympics_gb of collection: winners_1896_2008
2016-08-22 09:25:21,545 :: INFO :: inserting static data
2016-08-22 09:25:21,566 :: INFO :: inserting df with shape: (961, 8)
2016-08-22 09:25:21,689 :: INFO :: insertion sucessful in dbsummer_olympics_gb of collection: winners_2012
2016-08-22 09:25:21,690 :: INFO :: inserting static data
2016-08-22 09:25:21,690 :: INFO :: No file Grant_information.csvof typecsvin project statics folder
2016-08-22 09:25:21,690 :: INFO :: inserting df with shape: (961, 8)
2016-08-22 09:25:21,786 :: INFO :: insertion sucessful in dbsummer_olympics_gb of collection: grant_information
2016-08-22 09:25:21,786 :: INFO :: inserting static data
2016-08-22 09:25:21,786 :: INFO :: No file results_france.csvof typecsvin project statics folder
2016-08-22 09:25:21,786 :: INFO :: inserting df with shape: (961, 8)
2016-08-22 09:25:21,873 :: INFO :: insertion sucessful in dbsummer_olympics_gb of collection: results_france_2016
2016-08-22 09:25:21,873 :: INFO :: inserting static data
2016-08-22 09:25:21,873 :: INFO :: No file results_gb.csvof typecsvin project statics folder
2016-08-22 09:25:21,873 :: INFO :: inserting df with shape: (961, 8)
2016-08-22 09:25:21,968 :: INFO :: insertion sucessful in dbsummer_olympics_gb of collection: results_gb_2016
2016-08-22 09:28:15,701 :: INFO :: inserting static data
2016-08-22 09:28:19,225 :: INFO :: inserting df with shape: (29216, 10)
2016-08-22 09:28:20,555 :: INFO :: insertion sucessful in dbsummer_olympics_gb of collection: winners_1896_2008
2016-08-22 09:28:20,555 :: INFO :: inserting static data
2016-08-22 09:28:20,573 :: INFO :: inserting df with shape: (961, 8)
2016-08-22 09:28:20,693 :: INFO :: insertion sucessful in dbsummer_olympics_gb of collection: winners_2012
2016-08-22 09:28:20,693 :: INFO :: inserting static data
2016-08-22 09:28:20,693 :: INFO :: No file Grant_information.csv of typecsv in project statics folder
2016-08-22 09:29:08,180 :: INFO :: inserting static data
2016-08-22 09:29:11,852 :: INFO :: inserting df with shape: (29216, 10)
2016-08-22 09:29:13,183 :: INFO :: insertion sucessful in dbsummer_olympics_gb of collection: winners_1896_2008
2016-08-22 09:29:13,183 :: INFO :: inserting static data
2016-08-22 09:29:13,201 :: INFO :: inserting df with shape: (961, 8)
2016-08-22 09:29:13,324 :: INFO :: insertion sucessful in dbsummer_olympics_gb of collection: winners_2012
2016-08-22 09:29:13,324 :: INFO :: inserting static data
2016-08-22 09:30:32,437 :: INFO :: inserting static data
2016-08-22 09:30:36,151 :: INFO :: inserting df with shape: (29216, 10)
2016-08-22 09:30:37,488 :: INFO :: insertion sucessful in dbsummer_olympics_gb of collection: winners_1896_2008
2016-08-22 09:30:37,488 :: INFO :: inserting static data
2016-08-22 09:30:37,509 :: INFO :: inserting df with shape: (961, 8)
2016-08-22 09:30:37,624 :: INFO :: insertion sucessful in dbsummer_olympics_gb of collection: winners_2012
2016-08-22 09:30:37,624 :: INFO :: inserting static data
2016-08-22 09:30:37,639 :: INFO :: inserting df with shape: (7945, 5)
2016-08-22 09:31:58,095 :: INFO :: inserting static data
2016-08-22 09:32:01,808 :: INFO :: inserting df with shape: (29216, 10)
2016-08-22 09:32:03,111 :: INFO :: insertion sucessful in dbsummer_olympics_gb of collection: winners_1896_2008
2016-08-22 09:32:03,112 :: INFO :: inserting static data
2016-08-22 09:32:03,133 :: INFO :: inserting df with shape: (961, 8)
2016-08-22 09:32:03,241 :: INFO :: insertion sucessful in dbsummer_olympics_gb of collection: winners_2012
2016-08-22 09:32:03,241 :: INFO :: inserting static data
2016-08-22 09:32:03,252 :: INFO :: inserting df with shape: (7945, 5)
2016-08-22 09:32:03,568 :: INFO :: insertion sucessful in dbsummer_olympics_gb of collection: grant_information
2016-08-22 09:32:03,568 :: INFO :: inserting static data
2016-08-22 09:32:03,570 :: INFO :: inserting df with shape: (40, 6)
2016-08-22 09:32:03,649 :: INFO :: insertion sucessful in dbsummer_olympics_gb of collection: results_france_2016
2016-08-22 09:32:03,650 :: INFO :: inserting static data
2016-08-22 09:32:03,651 :: INFO :: inserting df with shape: (66, 6)
2016-08-22 09:32:03,733 :: INFO :: insertion sucessful in dbsummer_olympics_gb of collection: results_gb_2016
2016-08-22 10:34:14,467 :: INFO :: cleaning winners_2012, with shape: (960, 8)
2016-08-22 10:34:14,588 :: INFO :: cleaning of winners_2012 successful, output shape: (960, 8)
2016-08-22 10:34:37,401 :: INFO :: cleaning winners_2012, with shape: (960, 8)
2016-08-22 10:34:37,510 :: INFO :: cleaning of winners_2012 successful, output shape: (960, 8)
2016-08-22 10:34:39,037 :: INFO :: cleaning grant_information, with shape: (4105, 6)
2016-08-22 10:34:39,297 :: INFO :: cleaning of grant_information successful, output shape: (4105, 6)
2016-08-22 10:55:01,710 :: INFO :: starting to merge data for project summer_olympics_gb
2016-08-22 10:55:43,421 :: INFO :: starting to merge data for project summer_olympics_gb
2016-08-22 11:00:03,021 :: INFO :: starting to merge data for project summer_olympics_gb
2016-08-22 11:03:22,648 :: INFO :: starting to merge data for project summer_olympics_gb
2016-08-22 11:04:26,591 :: INFO :: inserting df with shape: (30282, 10)
2016-08-22 11:04:28,010 :: INFO :: insertion sucessful in db summer_olympics_gb of collection: full_data
2016-08-22 11:13:09,895 :: INFO :: starting to merge data for project summer_olympics_gb
2016-08-22 11:13:10,861 :: INFO :: inserting df with shape: (30282, 10)
2016-08-22 11:13:12,307 :: INFO :: insertion sucessful in db summer_olympics_gb of collection: full_data
2016-08-22 11:14:04,877 :: INFO :: Successful merge to full_data, with shape: (30282, 10)
2016-08-22 11:14:06,298 :: INFO :: Successful insertion of full_data
2016-08-22 11:28:35,444 :: INFO :: creating domain: full_data for project summer_olympics_gb, domain shape is: (1816, 7)
2016-08-22 11:28:35,448 :: INFO :: domain successfuly created
2016-08-22 11:33:40,492 :: INFO :: Successful merge to full_data, with shape: (30282, 10)
2016-08-22 11:33:41,927 :: INFO :: Successful insertion of full_data
2016-08-22 12:19:46,843 :: INFO :: creating domain: full_data for project summer_olympics_gb, domain shape is: (362, 8)
2016-08-22 12:19:46,845 :: INFO :: domain successfuly created
2016-08-22 12:21:51,254 :: INFO :: creating domain: full_data for project summer_olympics_gb, domain shape is: (374, 9)
2016-08-22 12:21:51,256 :: INFO :: domain successfuly created
2016-08-22 12:25:56,856 :: INFO :: creating domain: full_data for project summer_olympics_gb, domain shape is: (374, 9)
2016-08-22 12:25:56,858 :: INFO :: domain successfuly created
2016-08-22 12:49:23,770 :: INFO :: Successful merge to full_data, with shape: (30464, 13)
2016-08-22 12:49:25,513 :: INFO :: Successful insertion of full_data
2016-08-22 12:52:31,112 :: INFO :: creating domain: full_data for project summer_olympics_gb, domain shape is: (1338, 9)
2016-08-22 12:52:31,115 :: INFO :: domain successfuly created
2016-08-22 12:53:19,898 :: INFO :: creating domain: full_data for project summer_olympics_gb, domain shape is: (748, 9)
2016-08-22 12:53:19,900 :: INFO :: domain successfuly created
